Using pre-set license
Built from '2020.3/staging' branch; Version is '2020.3.22f1 (e1a7f79fd887) revision 14788599'; Using compiler version '192528614'; Build Type 'Release'
OS: 'Windows 10 Home; OS build 19043.1348; Version 2009; 64bit' Language: 'en' Physical Memory: 16323 MB
BatchMode: 1, IsHumanControllingUs: 0, StartBugReporterOnCrash: 0, Is64bit: 1, IsPro: 0

COMMAND LINE ARGUMENTS:
C:\Program Files\Unity\Hub\Editor\2020.3.22f1\Editor\Unity.exe
-adb2
-batchMode
-noUpm
-name
AssetImportWorker0
-projectPath
D:/3D Platform Collaboration/3DPlatformerPrototype/3DPlatformer
-logFile
Logs/AssetImportWorker0.log
-srvPort
60011
Successfully changed project path to: D:/3D Platform Collaboration/3DPlatformerPrototype/3DPlatformer
D:/3D Platform Collaboration/3DPlatformerPrototype/3DPlatformer
Using Asset Import Pipeline V2.
Refreshing native plugins compatible for Editor in 52.46 ms, found 2 plugins.
Preloading 0 native plugins for Editor in 0.00 ms.
Initialize engine version: 2020.3.22f1 (e1a7f79fd887)
[Subsystems] Discovering subsystems at path C:/Program Files/Unity/Hub/Editor/2020.3.22f1/Editor/Data/Resources/UnitySubsystems
[Subsystems] Discovering subsystems at path D:/3D Platform Collaboration/3DPlatformerPrototype/3DPlatformer/Assets
GfxDevice: creating device client; threaded=0
Direct3D:
    Version:  Direct3D 11.0 [level 11.1]
    Renderer: NVIDIA GeForce GTX 1050 Ti (ID=0x1c82)
    Vendor:   
    VRAM:     4018 MB
    Driver:   27.21.14.5671
Initialize mono
Mono path[0] = 'C:/Program Files/Unity/Hub/Editor/2020.3.22f1/Editor/Data/Managed'
Mono path[1] = 'C:/Program Files/Unity/Hub/Editor/2020.3.22f1/Editor/Data/MonoBleedingEdge/lib/mono/unityjit'
Mono config path = 'C:/Program Files/Unity/Hub/Editor/2020.3.22f1/Editor/Data/MonoBleedingEdge/etc'
Using monoOptions --debugger-agent=transport=dt_socket,embedding=1,server=y,suspend=n,address=127.0.0.1:56372
Begin MonoManager ReloadAssembly
Registering precompiled unity dll's ...
Register platform support module: C:/Program Files/Unity/Hub/Editor/2020.3.22f1/Editor/Data/PlaybackEngines/WebGLSupport/UnityEditor.WebGL.Extensions.dll
Register platform support module: C:/Program Files/Unity/Hub/Editor/2020.3.22f1/Editor/Data/PlaybackEngines/MacStandaloneSupport/UnityEditor.OSXStandalone.Extensions.dll
Register platform support module: C:/Program Files/Unity/Hub/Editor/2020.3.22f1/Editor/Data/PlaybackEngines/WindowsStandaloneSupport/UnityEditor.WindowsStandalone.Extensions.dll
Register platform support module: C:/Program Files/Unity/Hub/Editor/2020.3.22f1/Editor/Data/PlaybackEngines/LinuxStandaloneSupport/UnityEditor.LinuxStandalone.Extensions.dll
Register platform support module: C:/Program Files/Unity/Hub/Editor/2020.3.22f1/Editor/Data/PlaybackEngines/LuminSupport/UnityEditor.Lumin.Extensions.dll
Registered in 0.003504 seconds.
Native extension for Lumin target not found
Native extension for LinuxStandalone target not found
Native extension for WindowsStandalone target not found
Native extension for OSXStandalone target not found
Native extension for WebGL target not found
Refreshing native plugins compatible for Editor in 51.43 ms, found 2 plugins.
Preloading 0 native plugins for Editor in 0.00 ms.
Mono: successfully reloaded assembly
- Completed reload, in  2.254 seconds
Domain Reload Profiling:
	ReloadAssembly (2254ms)
		BeginReloadAssembly (57ms)
			ExecutionOrderSort (0ms)
			DisableScriptedObjects (0ms)
			BackupInstance (0ms)
			ReleaseScriptingObjects (0ms)
			CreateAndSetChildDomain (1ms)
		EndReloadAssembly (487ms)
			LoadAssemblies (56ms)
			RebuildTransferFunctionScriptingTraits (0ms)
			SetupTypeCache (166ms)
			ReleaseScriptCaches (0ms)
			RebuildScriptCaches (32ms)
			SetupLoadedEditorAssemblies (185ms)
				LogAssemblyErrors (0ms)
				InitializePlatformSupportModulesInManaged (8ms)
				SetLoadedEditorAssemblies (0ms)
				RefreshPlugins (52ms)
				BeforeProcessingInitializeOnLoad (10ms)
				ProcessInitializeOnLoadAttributes (87ms)
				ProcessInitializeOnLoadMethodAttributes (29ms)
				AfterProcessingInitializeOnLoad (0ms)
				EditorAssembliesLoaded (0ms)
			ExecutionOrderSort2 (0ms)
			AwakeInstancesAfterBackupRestoration (0ms)
Platform modules already initialized, skipping
Registering precompiled user dll's ...
Registered in 0.003825 seconds.
Begin MonoManager ReloadAssembly
Native extension for Lumin target not found
Native extension for LinuxStandalone target not found
Native extension for WindowsStandalone target not found
Native extension for OSXStandalone target not found
Native extension for WebGL target not found
Refreshing native plugins compatible for Editor in 52.46 ms, found 2 plugins.
Preloading 0 native plugins for Editor in 0.00 ms.
Mono: successfully reloaded assembly
- Completed reload, in  1.223 seconds
Domain Reload Profiling:
	ReloadAssembly (1224ms)
		BeginReloadAssembly (172ms)
			ExecutionOrderSort (0ms)
			DisableScriptedObjects (7ms)
			BackupInstance (0ms)
			ReleaseScriptingObjects (0ms)
			CreateAndSetChildDomain (22ms)
		EndReloadAssembly (987ms)
			LoadAssemblies (96ms)
			RebuildTransferFunctionScriptingTraits (0ms)
			SetupTypeCache (346ms)
			ReleaseScriptCaches (1ms)
			RebuildScriptCaches (51ms)
			SetupLoadedEditorAssemblies (366ms)
				LogAssemblyErrors (0ms)
				InitializePlatformSupportModulesInManaged (7ms)
				SetLoadedEditorAssemblies (0ms)
				RefreshPlugins (53ms)
				BeforeProcessingInitializeOnLoad (77ms)
				ProcessInitializeOnLoadAttributes (213ms)
				ProcessInitializeOnLoadMethodAttributes (9ms)
				AfterProcessingInitializeOnLoad (7ms)
				EditorAssembliesLoaded (0ms)
			ExecutionOrderSort2 (0ms)
			AwakeInstancesAfterBackupRestoration (7ms)
Platform modules already initialized, skipping
========================================================================
Worker process is ready to serve import requests
Launched and connected shader compiler UnityShaderCompiler.exe after 0.09 seconds
Refreshing native plugins compatible for Editor in 0.54 ms, found 2 plugins.
Preloading 0 native plugins for Editor in 0.00 ms.
Unloading 2747 Unused Serialized files (Serialized files now loaded: 0)
System memory in use before: 120.3 MB.
System memory in use after: 120.5 MB.

Unloading 20 unused Assets to reduce memory usage. Loaded Objects now: 3179.
Total: 3.716500 ms (FindLiveObjects: 0.233000 ms CreateObjectMapping: 0.120800 ms MarkObjects: 3.255500 ms  DeleteObjects: 0.106100 ms)

AssetImportParameters requested are different than current active one (requested -> active):
  custom:framework-win-MediaFoundation: 216162199b28c13a410421893ffa2e32 -> 
  custom:video-decoder-ogg-theora: a1e56fd34408186e4bbccfd4996cb3dc -> 
  custom:container-muxer-webm: aa71ff27fc2769a1b78a27578f13a17b -> 
  custom:container-demuxer-webm: 4f35f7cbe854078d1ac9338744f61a02 -> 
  custom:container-demuxer-ogg: 62fdf1f143b41e24485cea50d1cbac27 -> 
  custom:video-encoder-webm-vp8: eb34c28f22e8b96e1ab97ce403110664 -> 
  custom:video-decoder-webm-vp8: 9c59270c3fd7afecdb556c50c9e8de78 -> 
  custom:audio-decoder-ogg-vorbis: bf7c407c2cedff20999df2af8eb42d56 -> 
  custom:audio-encoder-webm-vorbis: bf7c407c2cedff20999df2af8eb42d56 -> 
========================================================================
Received Import Request.
  path: Assets/Scenes
  artifactKey: Guid(a78fbab067e6cae4bb3fd2cffccb9809) Importer(815301076,1909f56bfc062723c751e8b465ee728b)
Start importing Assets/Scenes using Guid(a78fbab067e6cae4bb3fd2cffccb9809) Importer(815301076,1909f56bfc062723c751e8b465ee728b)  -> (artifact id: '4ae26a4a20773ca0da88a5184d5e2347') in 0.009111 seconds 
  Import took 0.013328 seconds .

========================================================================
Received Import Request.
  Time since last request: 0.000222 seconds.
  path: Assets/Scenes/PrefabBuild.unity
  artifactKey: Guid(baac16757a20a084aa9db467571eac91) Importer(815301076,1909f56bfc062723c751e8b465ee728b)
Start importing Assets/Scenes/PrefabBuild.unity using Guid(baac16757a20a084aa9db467571eac91) Importer(815301076,1909f56bfc062723c751e8b465ee728b)  -> (artifact id: 'ab79055ec9d5a7ecb3c23eb922ecef11') in 0.018631 seconds 
  Import took 0.022692 seconds .

========================================================================
Received Import Request.
  Time since last request: 11.292425 seconds.
  path: Assets/Unity_Built_Ins/Presets/AudioCompressedInMemory.preset
  artifactKey: Guid(0720b9d635217d04b992249841a6a508) Importer(815301076,1909f56bfc062723c751e8b465ee728b)
Start importing Assets/Unity_Built_Ins/Presets/AudioCompressedInMemory.preset using Guid(0720b9d635217d04b992249841a6a508) Importer(815301076,1909f56bfc062723c751e8b465ee728b)  -> (artifact id: '76cb38bda6a9623b9e7c7a1f7d85b406') in 0.040712 seconds 
  Import took 0.045149 seconds .

========================================================================
Received Import Request.
  Time since last request: 0.000292 seconds.
  path: Assets/Unity_Built_Ins/Presets/UtilityTexture.preset
  artifactKey: Guid(0d2080012cac27f4eb3bab7c8ba9bf61) Importer(815301076,1909f56bfc062723c751e8b465ee728b)
Start importing Assets/Unity_Built_Ins/Presets/UtilityTexture.preset using Guid(0d2080012cac27f4eb3bab7c8ba9bf61) Importer(815301076,1909f56bfc062723c751e8b465ee728b)  -> (artifact id: '488fc2775534be09b5afe7da626ad55d') in 0.010980 seconds 
  Import took 0.015565 seconds .

========================================================================
Received Import Request.
  Time since last request: 0.000286 seconds.
  path: Assets/Unity_Built_Ins/Presets/NormalTexture.preset
  artifactKey: Guid(40caf9072af74c349b26263d11becbee) Importer(815301076,1909f56bfc062723c751e8b465ee728b)
Start importing Assets/Unity_Built_Ins/Presets/NormalTexture.preset using Guid(40caf9072af74c349b26263d11becbee) Importer(815301076,1909f56bfc062723c751e8b465ee728b)  -> (artifact id: '24564fa6f61f3b0f9889802dc8bab91e') in 0.010123 seconds 
  Import took 0.014769 seconds .

========================================================================
Received Import Request.
  Time since last request: 0.000312 seconds.
  path: Assets/Unity_Built_Ins/Presets/AudioStreaming.preset
  artifactKey: Guid(b5cb45d2acc69404cac855962a287a9d) Importer(815301076,1909f56bfc062723c751e8b465ee728b)
Start importing Assets/Unity_Built_Ins/Presets/AudioStreaming.preset using Guid(b5cb45d2acc69404cac855962a287a9d) Importer(815301076,1909f56bfc062723c751e8b465ee728b)  -> (artifact id: '2bf5c169fb376b77184ae65dd793d5bd') in 0.007815 seconds 
  Import took 0.011940 seconds .

========================================================================
Received Import Request.
  Time since last request: 27.615534 seconds.
  path: Assets/Unity_Built_Ins/Scripts/SimpleCameraController.cs
  artifactKey: Guid(6eb97053f57535549a145e9c8a0fff66) Importer(815301076,1909f56bfc062723c751e8b465ee728b)
Start importing Assets/Unity_Built_Ins/Scripts/SimpleCameraController.cs using Guid(6eb97053f57535549a145e9c8a0fff66) Importer(815301076,1909f56bfc062723c751e8b465ee728b)  -> (artifact id: '8ef4daefc39636cffa692609b31a6451') in 0.017653 seconds 
  Import took 0.022255 seconds .

========================================================================
Received Prepare
Registering precompiled user dll's ...
Registered in 0.003765 seconds.
Begin MonoManager ReloadAssembly
Native extension for Lumin target not found
Native extension for LinuxStandalone target not found
Native extension for WindowsStandalone target not found
Native extension for OSXStandalone target not found
Native extension for WebGL target not found
Refreshing native plugins compatible for Editor in 0.60 ms, found 2 plugins.
Preloading 0 native plugins for Editor in 0.00 ms.
Mono: successfully reloaded assembly
- Completed reload, in  1.235 seconds
Domain Reload Profiling:
	ReloadAssembly (1235ms)
		BeginReloadAssembly (111ms)
			ExecutionOrderSort (0ms)
			DisableScriptedObjects (5ms)
			BackupInstance (0ms)
			ReleaseScriptingObjects (0ms)
			CreateAndSetChildDomain (36ms)
		EndReloadAssembly (1059ms)
			LoadAssemblies (94ms)
			RebuildTransferFunctionScriptingTraits (0ms)
			SetupTypeCache (391ms)
			ReleaseScriptCaches (1ms)
			RebuildScriptCaches (55ms)
			SetupLoadedEditorAssemblies (391ms)
				LogAssemblyErrors (0ms)
				InitializePlatformSupportModulesInManaged (11ms)
				SetLoadedEditorAssemblies (1ms)
				RefreshPlugins (1ms)
				BeforeProcessingInitializeOnLoad (88ms)
				ProcessInitializeOnLoadAttributes (273ms)
				ProcessInitializeOnLoadMethodAttributes (10ms)
				AfterProcessingInitializeOnLoad (8ms)
				EditorAssembliesLoaded (0ms)
			ExecutionOrderSort2 (0ms)
			AwakeInstancesAfterBackupRestoration (8ms)
Platform modules already initialized, skipping
Refreshing native plugins compatible for Editor in 0.51 ms, found 2 plugins.
Preloading 0 native plugins for Editor in 0.00 ms.
Unloading 2686 Unused Serialized files (Serialized files now loaded: 0)
System memory in use before: 114.7 MB.
System memory in use after: 114.9 MB.

Unloading 15 unused Assets to reduce memory usage. Loaded Objects now: 3181.
Total: 3.951200 ms (FindLiveObjects: 0.248300 ms CreateObjectMapping: 0.136500 ms MarkObjects: 3.525700 ms  DeleteObjects: 0.039400 ms)

AssetImportParameters requested are different than current active one (requested -> active):
  custom:framework-win-MediaFoundation: 216162199b28c13a410421893ffa2e32 -> 
  custom:video-decoder-ogg-theora: a1e56fd34408186e4bbccfd4996cb3dc -> 
  custom:container-muxer-webm: aa71ff27fc2769a1b78a27578f13a17b -> 
  custom:container-demuxer-webm: 4f35f7cbe854078d1ac9338744f61a02 -> 
  custom:container-demuxer-ogg: 62fdf1f143b41e24485cea50d1cbac27 -> 
  custom:video-encoder-webm-vp8: eb34c28f22e8b96e1ab97ce403110664 -> 
  custom:video-decoder-webm-vp8: 9c59270c3fd7afecdb556c50c9e8de78 -> 
  custom:audio-decoder-ogg-vorbis: bf7c407c2cedff20999df2af8eb42d56 -> 
  custom:audio-encoder-webm-vorbis: bf7c407c2cedff20999df2af8eb42d56 -> 
========================================================================
Received Prepare
Registering precompiled user dll's ...
Registered in 0.004554 seconds.
Begin MonoManager ReloadAssembly
Native extension for Lumin target not found
Native extension for LinuxStandalone target not found
Native extension for WindowsStandalone target not found
Native extension for OSXStandalone target not found
Native extension for WebGL target not found
Refreshing native plugins compatible for Editor in 0.50 ms, found 2 plugins.
Preloading 0 native plugins for Editor in 0.00 ms.
Mono: successfully reloaded assembly
- Completed reload, in  1.137 seconds
Domain Reload Profiling:
	ReloadAssembly (1138ms)
		BeginReloadAssembly (131ms)
			ExecutionOrderSort (0ms)
			DisableScriptedObjects (4ms)
			BackupInstance (0ms)
			ReleaseScriptingObjects (0ms)
			CreateAndSetChildDomain (37ms)
		EndReloadAssembly (928ms)
			LoadAssemblies (107ms)
			RebuildTransferFunctionScriptingTraits (0ms)
			SetupTypeCache (338ms)
			ReleaseScriptCaches (1ms)
			RebuildScriptCaches (45ms)
			SetupLoadedEditorAssemblies (338ms)
				LogAssemblyErrors (0ms)
				InitializePlatformSupportModulesInManaged (9ms)
				SetLoadedEditorAssemblies (0ms)
				RefreshPlugins (1ms)
				BeforeProcessingInitializeOnLoad (80ms)
				ProcessInitializeOnLoadAttributes (229ms)
				ProcessInitializeOnLoadMethodAttributes (11ms)
				AfterProcessingInitializeOnLoad (8ms)
				EditorAssembliesLoaded (0ms)
			ExecutionOrderSort2 (0ms)
			AwakeInstancesAfterBackupRestoration (8ms)
Platform modules already initialized, skipping
Refreshing native plugins compatible for Editor in 0.53 ms, found 2 plugins.
Preloading 0 native plugins for Editor in 0.00 ms.
Unloading 2694 Unused Serialized files (Serialized files now loaded: 0)
System memory in use before: 115.0 MB.
System memory in use after: 115.3 MB.

Unloading 15 unused Assets to reduce memory usage. Loaded Objects now: 3191.
Total: 4.284100 ms (FindLiveObjects: 0.317800 ms CreateObjectMapping: 0.143200 ms MarkObjects: 3.758800 ms  DeleteObjects: 0.063000 ms)

AssetImportParameters requested are different than current active one (requested -> active):
  custom:framework-win-MediaFoundation: 216162199b28c13a410421893ffa2e32 -> 
  custom:video-decoder-ogg-theora: a1e56fd34408186e4bbccfd4996cb3dc -> 
  custom:container-muxer-webm: aa71ff27fc2769a1b78a27578f13a17b -> 
  custom:container-demuxer-webm: 4f35f7cbe854078d1ac9338744f61a02 -> 
  custom:container-demuxer-ogg: 62fdf1f143b41e24485cea50d1cbac27 -> 
  custom:video-encoder-webm-vp8: eb34c28f22e8b96e1ab97ce403110664 -> 
  custom:video-decoder-webm-vp8: 9c59270c3fd7afecdb556c50c9e8de78 -> 
  custom:audio-decoder-ogg-vorbis: bf7c407c2cedff20999df2af8eb42d56 -> 
  custom:audio-encoder-webm-vorbis: bf7c407c2cedff20999df2af8eb42d56 -> 
========================================================================
Received Import Request.
  Time since last request: 494.191093 seconds.
  path: Assets/Unity_Built_Ins/Readme.asset
  artifactKey: Guid(c313e369b4326f24aa31bfc5f366d459) Importer(815301076,1909f56bfc062723c751e8b465ee728b)
Start importing Assets/Unity_Built_Ins/Readme.asset using Guid(c313e369b4326f24aa31bfc5f366d459) Importer(815301076,1909f56bfc062723c751e8b465ee728b)  -> (artifact id: '7965fa2ab7f9eb67291b3675e84760a4') in 0.019307 seconds 
  Import took 0.024342 seconds .

========================================================================
Received Import Request.
  Time since last request: 2.407325 seconds.
  path: Assets/Unity_Built_Ins/Presets
  artifactKey: Guid(2bc9d16ea96238043a377c97b50a74dc) Importer(815301076,1909f56bfc062723c751e8b465ee728b)
Start importing Assets/Unity_Built_Ins/Presets using Guid(2bc9d16ea96238043a377c97b50a74dc) Importer(815301076,1909f56bfc062723c751e8b465ee728b)  -> (artifact id: 'b88cab067280bbb7f9592e42ca273f67') in 0.007072 seconds 
  Import took 0.011657 seconds .

========================================================================
Received Import Request.
  Time since last request: 3.180694 seconds.
  path: Assets/Unity_Built_Ins/Scripts
  artifactKey: Guid(630d788f8ada61b4fac8239f948f2ed4) Importer(815301076,1909f56bfc062723c751e8b465ee728b)
Start importing Assets/Unity_Built_Ins/Scripts using Guid(630d788f8ada61b4fac8239f948f2ed4) Importer(815301076,1909f56bfc062723c751e8b465ee728b)  -> (artifact id: 'da926983a6b246c9f61de401fde9ee22') in 0.007133 seconds 
  Import took 0.011700 seconds .

========================================================================
Received Import Request.
  Time since last request: 0.783134 seconds.
  path: Assets/Unity_Built_Ins/Settings
  artifactKey: Guid(34c158b44c9e0c742b82cfac1f05f95d) Importer(815301076,1909f56bfc062723c751e8b465ee728b)
Start importing Assets/Unity_Built_Ins/Settings using Guid(34c158b44c9e0c742b82cfac1f05f95d) Importer(815301076,1909f56bfc062723c751e8b465ee728b)  -> (artifact id: 'd8bae1e4a91836dade6976e04739b9b7') in 0.006692 seconds 
  Import took 0.011908 seconds .

========================================================================
Received Import Request.
  Time since last request: 0.518982 seconds.
  path: Assets/Unity_Built_Ins/TutorialInfo
  artifactKey: Guid(2b21d05e1d0fc254cb7ea311140c6144) Importer(815301076,1909f56bfc062723c751e8b465ee728b)
Start importing Assets/Unity_Built_Ins/TutorialInfo using Guid(2b21d05e1d0fc254cb7ea311140c6144) Importer(815301076,1909f56bfc062723c751e8b465ee728b)  -> (artifact id: '2040f854d83cb279d187fa7e69e5751a') in 0.007121 seconds 
  Import took 0.011983 seconds .

========================================================================
Received Import Request.
  Time since last request: 2.150972 seconds.
  path: Assets/Unity_Built_Ins
  artifactKey: Guid(8ae0004e9943a5c47967d52248cd61ad) Importer(815301076,1909f56bfc062723c751e8b465ee728b)
Start importing Assets/Unity_Built_Ins using Guid(8ae0004e9943a5c47967d52248cd61ad) Importer(815301076,1909f56bfc062723c751e8b465ee728b)  -> (artifact id: '93929db01808095d74f7ccaea20ce385') in 0.006768 seconds 
  Import took 0.011624 seconds .

========================================================================
Received Import Request.
  Time since last request: 5.091437 seconds.
  path: Assets/Unity_Built_Ins/Materials
  artifactKey: Guid(c05e2f8048c865542ac7f5c5cbea0824) Importer(815301076,1909f56bfc062723c751e8b465ee728b)
Start importing Assets/Unity_Built_Ins/Materials using Guid(c05e2f8048c865542ac7f5c5cbea0824) Importer(815301076,1909f56bfc062723c751e8b465ee728b)  -> (artifact id: '42f1f5b2186cf923963d004243befa56') in 0.007077 seconds 
  Import took 0.011816 seconds .

AssetImportWorkerClient::OnTransportError - code=2 error=End of file
